<?xml version="1.0" encoding="UTF-8"?>
<!-- Generated by org.testng.reporters.JUnitReportReporter -->
<testsuite hostname="LAPTOP-92LICC1I" name="org.ba.VasuTestNg" tests="1" failures="0" timestamp="8 Aug 2023 01:35:22 GMT" time="0.016" errors="0">
  <testcase name="tc01" time="0.016" classname="org.ba.VasuTestNg"/>
</testsuite> <!-- org.ba.VasuTestNg -->
